<?xml version="1.0" encoding="UTF-8"?>
<!-- Generated by org.testng.reporters.JUnitReportReporter -->
<testsuite hostname="LAPTOP-719GAQRG" failures="0" tests="1" name="iciciLombard_TestNG_DDF.ICICITestNG" time="12.597" errors="0" timestamp="28 Jan 2024 07:58:23 GMT" skipped="0">
  <testcase classname="iciciLombard_TestNG_DDF.ICICITestNG" name="VerifyProfileName" time="12.597"/>
</testsuite> <!-- iciciLombard_TestNG_DDF.ICICITestNG -->
