<?xml version="1.0" encoding="UTF-8"?>
<!-- Generated by org.testng.reporters.JUnitReportReporter -->
<testsuite hostname="LAPTOP-719GAQRG" failures="0" tests="1" name="iciciLombard_POM_TestNG_DDF_BaseClass_UtilityClass.ICICITestNG" time="13.785" errors="0" timestamp="16 Feb 2024 04:18:41 GMT" skipped="0">
  <testcase classname="iciciLombard_POM_TestNG_DDF_BaseClass_UtilityClass.ICICITestNG" name="VerifyProfileName" time="13.785"/>
</testsuite> <!-- iciciLombard_POM_TestNG_DDF_BaseClass_UtilityClass.ICICITestNG -->
